#! /c/iverilog/bin/vvp
:ivl_version "12.0 (devel)" "(s20150603-965-g55e06db6)";
:ivl_delay_selection "TYPICAL";
:vpi_time_precision + 0;
:vpi_module "D:\iverilog\lib\ivl\system.vpi";
:vpi_module "D:\iverilog\lib\ivl\vhdl_sys.vpi";
:vpi_module "D:\iverilog\lib\ivl\vhdl_textio.vpi";
:vpi_module "D:\iverilog\lib\ivl\v2005_math.vpi";
:vpi_module "D:\iverilog\lib\ivl\va_math.vpi";
S_00000000008accf0 .scope module, "A51" "A51" 2 58;
 .timescale 0 0;
    .port_info 0 /INPUT 64 "key";
    .port_info 1 /INPUT 1 "plain";
    .port_info 2 /OUTPUT 1 "cipher";
    .port_info 3 /INPUT 1 "clk";
    .port_info 4 /INPUT 1 "krdy";
o00000000008b36f8 .functor BUFZ 1, C4<z>; HiZ drive
L_000000000089d6d0 .functor XOR 1, v00000000009048a0_0, o00000000008b36f8, C4<0>, C4<0>;
v00000000009049e0_0 .net "cipher", 0 0, L_000000000089d6d0;  1 drivers
o00000000008b3638 .functor BUFZ 1, C4<z>; HiZ drive
v0000000000902e60_0 .net "clk", 0 0, o00000000008b3638;  0 drivers
v00000000009048a0_0 .var "k", 0 0;
o00000000008b3698 .functor BUFZ 64, C4<zzzzzzzzzzzzzzzzzzzzzzzzzzzzzzzzzzzzzzzzzzzzzzzzzzzzzzzzzzzzzzzz>; HiZ drive
v0000000000903900_0 .net "key", 63 0, o00000000008b3698;  0 drivers
v00000000009046c0_0 .net "knext", 63 0, L_0000000000904300;  1 drivers
v0000000000904b20_0 .var "kpre", 63 0;
o00000000008b36c8 .functor BUFZ 1, C4<z>; HiZ drive
v0000000000904a80_0 .net "krdy", 0 0, o00000000008b36c8;  0 drivers
v0000000000904bc0_0 .net "plain", 0 0, o00000000008b36f8;  0 drivers
E_000000000089bf20 .event posedge, v0000000000902e60_0;
S_00000000008ace80 .scope module, "lfsr" "LFSR" 2 69, 2 1 0, S_00000000008accf0;
 .timescale 0 0;
    .port_info 0 /INPUT 64 "key";
    .port_info 1 /OUTPUT 64 "key_next";
L_000000000089d580 .functor XOR 1, L_0000000000903a40, L_0000000000903220, C4<0>, C4<0>;
L_000000000089d040 .functor XOR 1, L_0000000000903a40, L_00000000009044e0, C4<0>, C4<0>;
L_000000000089d190 .functor XOR 1, L_0000000000903a40, L_0000000000903cc0, C4<0>, C4<0>;
v000000000089e310_0 .net *"_ivl_11", 0 0, L_0000000000903180;  1 drivers
v000000000089e8b0_0 .net *"_ivl_15", 0 0, L_0000000000903220;  1 drivers
v000000000089e630_0 .net *"_ivl_16", 0 0, L_000000000089d580;  1 drivers
v000000000089e6d0_0 .net *"_ivl_18", 19 0, L_00000000009032c0;  1 drivers
v000000000089e770_0 .net *"_ivl_23", 0 0, L_00000000009044e0;  1 drivers
v00000000009043a0_0 .net *"_ivl_24", 0 0, L_000000000089d040;  1 drivers
v0000000000903360_0 .net *"_ivl_26", 22 0, L_0000000000903e00;  1 drivers
v0000000000904d00_0 .net *"_ivl_31", 0 0, L_0000000000903cc0;  1 drivers
v0000000000903ea0_0 .net *"_ivl_32", 0 0, L_000000000089d190;  1 drivers
v00000000009030e0_0 .net *"_ivl_34", 23 0, L_0000000000903d60;  1 drivers
v0000000000903400_0 .net *"_ivl_7", 0 0, L_0000000000903c20;  1 drivers
v0000000000904120_0 .net *"_ivl_9", 0 0, L_0000000000902fa0;  1 drivers
v0000000000904580_0 .net "key", 63 0, v0000000000904b20_0;  1 drivers
v00000000009041c0_0 .net "key_next", 63 0, L_0000000000904300;  alias, 1 drivers
v0000000000903fe0_0 .net "majority", 0 0, L_0000000000903a40;  1 drivers
v0000000000904940_0 .net "x", 18 0, L_0000000000903040;  1 drivers
v0000000000904260_0 .net "x_next", 18 0, L_0000000000903680;  1 drivers
v00000000009034a0_0 .net "y", 21 0, L_0000000000904c60;  1 drivers
v0000000000904760_0 .net "y_next", 21 0, L_00000000009035e0;  1 drivers
v0000000000903860_0 .net "z", 22 0, L_0000000000902f00;  1 drivers
v0000000000904620_0 .net "z_next", 22 0, L_0000000000903720;  1 drivers
L_0000000000903040 .part v0000000000904b20_0, 0, 19;
L_0000000000904c60 .part v0000000000904b20_0, 19, 22;
L_0000000000902f00 .part v0000000000904b20_0, 41, 23;
L_0000000000903c20 .part L_0000000000903040, 8, 1;
L_0000000000902fa0 .part L_0000000000904c60, 10, 1;
L_0000000000903180 .part L_0000000000902f00, 10, 1;
L_0000000000903a40 .ufunc/vec4 TD_A51.lfsr.maj, 1, L_0000000000903c20, L_0000000000902fa0, L_0000000000903180 (v000000000089ef90_0, v000000000089e090_0, v000000000089e130_0) S_0000000000902c80;
L_0000000000903220 .part L_0000000000903040, 8, 1;
L_00000000009032c0 .concat [ 19 1 0 0], L_0000000000903040, L_000000000089d580;
L_0000000000903680 .ufunc/vec4 TD_A51.lfsr.lfsr1, 19, L_00000000009032c0 (v000000000089ebd0_0) S_00000000008724d0;
L_00000000009044e0 .part L_0000000000904c60, 10, 1;
L_0000000000903e00 .concat [ 22 1 0 0], L_0000000000904c60, L_000000000089d040;
L_00000000009035e0 .ufunc/vec4 TD_A51.lfsr.lfsr2, 22, L_0000000000903e00 (v000000000089e590_0) S_0000000000872660;
L_0000000000903cc0 .part L_0000000000902f00, 10, 1;
L_0000000000903d60 .concat [ 23 1 0 0], L_0000000000902f00, L_000000000089d190;
L_0000000000903720 .ufunc/vec4 TD_A51.lfsr.lfsr3, 23, L_0000000000903d60 (v000000000089ec70_0) S_00000000008727f0;
L_0000000000904300 .concat [ 19 22 23 0], L_0000000000903680, L_00000000009035e0, L_0000000000903720;
S_00000000008724d0 .scope function.vec4.s19, "lfsr1" "lfsr1" 2 24, 2 24 0, S_00000000008ace80;
 .timescale 0 0;
v000000000089ebd0_0 .var "in", 19 0;
; Variable lfsr1 is vec4 return value of scope S_00000000008724d0
TD_A51.lfsr.lfsr1 ;
    %load/vec4 v000000000089ebd0_0;
    %parti/s 1, 19, 6;
    %dup/vec4;
    %pushi/vec4 0, 0, 1;
    %cmp/u;
    %jmp/1 T_0.0, 6;
    %dup/vec4;
    %pushi/vec4 1, 0, 1;
    %cmp/u;
    %jmp/1 T_0.1, 6;
    %jmp T_0.2;
T_0.0 ;
    %load/vec4 v000000000089ebd0_0;
    %parti/s 18, 0, 2;
    %load/vec4 v000000000089ebd0_0;
    %parti/s 1, 18, 6;
    %load/vec4 v000000000089ebd0_0;
    %parti/s 1, 17, 6;
    %xor;
    %load/vec4 v000000000089ebd0_0;
    %parti/s 1, 16, 6;
    %xor;
    %load/vec4 v000000000089ebd0_0;
    %parti/s 1, 13, 5;
    %xor;
    %concat/vec4; draw_concat_vec4
    %ret/vec4 0, 0, 19;  Assign to lfsr1 (store_vec4_to_lval)
    %jmp T_0.2;
T_0.1 ;
    %load/vec4 v000000000089ebd0_0;
    %parti/s 19, 0, 2;
    %ret/vec4 0, 0, 19;  Assign to lfsr1 (store_vec4_to_lval)
    %jmp T_0.2;
T_0.2 ;
    %pop/vec4 1;
    %end;
S_0000000000872660 .scope function.vec4.s22, "lfsr2" "lfsr2" 2 33, 2 33 0, S_00000000008ace80;
 .timescale 0 0;
v000000000089e590_0 .var "in", 22 0;
; Variable lfsr2 is vec4 return value of scope S_0000000000872660
TD_A51.lfsr.lfsr2 ;
    %load/vec4 v000000000089e590_0;
    %parti/s 1, 22, 6;
    %dup/vec4;
    %pushi/vec4 0, 0, 1;
    %cmp/u;
    %jmp/1 T_1.3, 6;
    %dup/vec4;
    %pushi/vec4 1, 0, 1;
    %cmp/u;
    %jmp/1 T_1.4, 6;
    %jmp T_1.5;
T_1.3 ;
    %load/vec4 v000000000089e590_0;
    %parti/s 21, 0, 2;
    %load/vec4 v000000000089e590_0;
    %parti/s 1, 21, 6;
    %load/vec4 v000000000089e590_0;
    %parti/s 1, 20, 6;
    %xor;
    %concat/vec4; draw_concat_vec4
    %ret/vec4 0, 0, 22;  Assign to lfsr2 (store_vec4_to_lval)
    %jmp T_1.5;
T_1.4 ;
    %load/vec4 v000000000089e590_0;
    %parti/s 22, 0, 2;
    %ret/vec4 0, 0, 22;  Assign to lfsr2 (store_vec4_to_lval)
    %jmp T_1.5;
T_1.5 ;
    %pop/vec4 1;
    %end;
S_00000000008727f0 .scope function.vec4.s23, "lfsr3" "lfsr3" 2 42, 2 42 0, S_00000000008ace80;
 .timescale 0 0;
v000000000089ec70_0 .var "in", 23 0;
; Variable lfsr3 is vec4 return value of scope S_00000000008727f0
TD_A51.lfsr.lfsr3 ;
    %load/vec4 v000000000089ec70_0;
    %parti/s 1, 23, 6;
    %dup/vec4;
    %pushi/vec4 0, 0, 1;
    %cmp/u;
    %jmp/1 T_2.6, 6;
    %dup/vec4;
    %pushi/vec4 1, 0, 1;
    %cmp/u;
    %jmp/1 T_2.7, 6;
    %jmp T_2.8;
T_2.6 ;
    %load/vec4 v000000000089ec70_0;
    %parti/s 22, 0, 2;
    %load/vec4 v000000000089ec70_0;
    %parti/s 1, 22, 6;
    %load/vec4 v000000000089ec70_0;
    %parti/s 1, 21, 6;
    %xor;
    %load/vec4 v000000000089ec70_0;
    %parti/s 1, 20, 6;
    %xor;
    %load/vec4 v000000000089ec70_0;
    %parti/s 1, 7, 4;
    %xor;
    %concat/vec4; draw_concat_vec4
    %ret/vec4 0, 0, 23;  Assign to lfsr3 (store_vec4_to_lval)
    %jmp T_2.8;
T_2.7 ;
    %load/vec4 v000000000089ec70_0;
    %parti/s 23, 0, 2;
    %ret/vec4 0, 0, 23;  Assign to lfsr3 (store_vec4_to_lval)
    %jmp T_2.8;
T_2.8 ;
    %pop/vec4 1;
    %end;
S_0000000000902c80 .scope function.vec4.s1, "maj" "maj" 2 17, 2 17 0, S_00000000008ace80;
 .timescale 0 0;
; Variable maj is vec4 return value of scope S_0000000000902c80
v000000000089ef90_0 .var "x", 0 0;
v000000000089e090_0 .var "y", 0 0;
v000000000089e130_0 .var "z", 0 0;
TD_A51.lfsr.maj ;
    %load/vec4 v000000000089ef90_0;
    %load/vec4 v000000000089e090_0;
    %and;
    %load/vec4 v000000000089ef90_0;
    %load/vec4 v000000000089e130_0;
    %and;
    %or;
    %load/vec4 v000000000089e090_0;
    %load/vec4 v000000000089e130_0;
    %and;
    %or;
    %ret/vec4 0, 0, 1;  Assign to maj (store_vec4_to_lval)
    %end;
    .scope S_00000000008accf0;
T_4 ;
    %wait E_000000000089bf20;
    %load/vec4 v0000000000904a80_0;
    %pad/u 32;
    %cmpi/e 1, 0, 32;
    %jmp/0xz  T_4.0, 4;
    %load/vec4 v0000000000903900_0;
    %assign/vec4 v0000000000904b20_0, 0;
    %jmp T_4.1;
T_4.0 ;
    %load/vec4 v00000000009046c0_0;
    %parti/s 1, 18, 6;
    %load/vec4 v00000000009046c0_0;
    %parti/s 1, 40, 7;
    %xor;
    %load/vec4 v00000000009046c0_0;
    %parti/s 1, 63, 7;
    %xor;
    %store/vec4 v00000000009048a0_0, 0, 1;
    %load/vec4 v00000000009046c0_0;
    %assign/vec4 v0000000000904b20_0, 0;
T_4.1 ;
    %jmp T_4;
    .thread T_4;
# The file index is used to find the file name in the following table.
:file_names 3;
    "N/A";
    "<interactive>";
    "A51.v";
